Using pre-set license
Built from '2020.3/staging' branch; Version is '2020.3.4f1 (0abb6314276a) revision 703331'; Using compiler version '192528614'; Build Type 'Release'
OS: 'Windows 10 Pro; OS build 19042.1348; Version 2009; 64bit' Language: 'en' Physical Memory: 8070 MB
BatchMode: 1, IsHumanControllingUs: 0, StartBugReporterOnCrash: 0, Is64bit: 1, IsPro: 0

 COMMAND LINE ARGUMENTS:
D:\Program Files\2020.3.4f1\Editor\Unity.exe
-adb2
-batchMode
-noUpm
-name
AssetImportWorker2
-projectPath
C:/Users/Vusal/Desktop/Men oyunlari bura atacam/Fluid Simulation 3
-logFile
Logs/AssetImportWorker2.log
-srvPort
50008
Successfully changed project path to: C:/Users/Vusal/Desktop/Men oyunlari bura atacam/Fluid Simulation 3
C:/Users/Vusal/Desktop/Men oyunlari bura atacam/Fluid Simulation 3
Using Asset Import Pipeline V2.
Refreshing native plugins compatible for Editor in 41.15 ms, found 0 plugins.
Preloading 0 native plugins for Editor in 0.00 ms.
Initialize engine version: 2020.3.4f1 (0abb6314276a)
[Subsystems] Discovering subsystems at path D:/Program Files/2020.3.4f1/Editor/Data/Resources/UnitySubsystems
[Subsystems] Discovering subsystems at path C:/Users/Vusal/Desktop/Men oyunlari bura atacam/Fluid Simulation 3/Assets
GfxDevice: creating device client; threaded=0
Direct3D:
    Version:  Direct3D 11.0 [level 11.0]
    Renderer: NVIDIA GeForce MX110 (ID=0x174e)
    Vendor:   
    VRAM:     2010 MB
    Driver:   27.21.14.6089
Initialize mono
Mono path[0] = 'D:/Program Files/2020.3.4f1/Editor/Data/Managed'
Mono path[1] = 'D:/Program Files/2020.3.4f1/Editor/Data/MonoBleedingEdge/lib/mono/unityjit'
Mono config path = 'D:/Program Files/2020.3.4f1/Editor/Data/MonoBleedingEdge/etc'
Using monoOptions --debugger-agent=transport=dt_socket,embedding=1,server=y,suspend=n,address=127.0.0.1:56812
Begin MonoManager ReloadAssembly
Registering precompiled unity dll's ...
Register platform support module: D:/Program Files/2020.3.4f1/Editor/Data/PlaybackEngines/WindowsStandaloneSupport/UnityEditor.WindowsStandalone.Extensions.dll
Registered in 0.045328 seconds.
Native extension for WindowsStandalone target not found
Refreshing native plugins compatible for Editor in 29.34 ms, found 0 plugins.
Preloading 0 native plugins for Editor in 0.00 ms.
Mono: successfully reloaded assembly
- Completed reload, in 24.702 seconds
Platform modules already initialized, skipping
Registering precompiled user dll's ...
Registered in 0.004431 seconds.
Begin MonoManager ReloadAssembly
Native extension for WindowsStandalone target not found
Refreshing native plugins compatible for Editor in 0.62 ms, found 0 plugins.
Preloading 0 native plugins for Editor in 0.00 ms.
Mono: successfully reloaded assembly
- Completed reload, in  1.094 seconds
Platform modules already initialized, skipping
========================================================================
Worker process is ready to serve import requests
Launched and connected shader compiler UnityShaderCompiler.exe after 0.06 seconds
Refreshing native plugins compatible for Editor in 0.55 ms, found 0 plugins.
Preloading 0 native plugins for Editor in 0.00 ms.
Unloading 1645 Unused Serialized files (Serialized files now loaded: 0)
System memory in use before: 76.4 MB.
System memory in use after: 76.4 MB.

Unloading 40 unused Assets to reduce memory usage. Loaded Objects now: 2057.
Total: 1.887900 ms (FindLiveObjects: 0.221800 ms CreateObjectMapping: 0.083300 ms MarkObjects: 1.458800 ms  DeleteObjects: 0.123100 ms)

========================================================================
Received Import Request.
  path: Assets/Shaders/Compute/SampleComputeShader.compute
  artifactKey: Guid(4273c2895d1750849a161d3f92712ccb) Importer(815301076,1909f56bfc062723c751e8b465ee728b)
Start importing Assets/Shaders/Compute/SampleComputeShader.compute using Guid(4273c2895d1750849a161d3f92712ccb) Importer(815301076,1909f56bfc062723c751e8b465ee728b)  -> (artifact id: 'abdb1070865cc1cc11ffee0ad807ec3b') in 0.107015 seconds
  Import took 0.109454 seconds .

========================================================================
Received Import Request.
  Time since last request: 332.692655 seconds.
  path: Assets/Shaders
  artifactKey: Guid(31e5ba5e6e16c79408cb816ef90c4fc8) Importer(815301076,1909f56bfc062723c751e8b465ee728b)
Start importing Assets/Shaders using Guid(31e5ba5e6e16c79408cb816ef90c4fc8) Importer(815301076,1909f56bfc062723c751e8b465ee728b)  -> (artifact id: 'bffce6a8dd328958c21197f57a508ccf') in 0.003631 seconds
  Import took 0.011486 seconds .

========================================================================
Received Import Request.
  Time since last request: 3.040046 seconds.
  path: Assets/Shaders/Test
  artifactKey: Guid(0c14dd022b6a5214eade9b9fba4d3a86) Importer(815301076,1909f56bfc062723c751e8b465ee728b)
Start importing Assets/Shaders/Test using Guid(0c14dd022b6a5214eade9b9fba4d3a86) Importer(815301076,1909f56bfc062723c751e8b465ee728b)  -> (artifact id: 'cbbcea74ae3c6b13963632288346c34e') in 0.002766 seconds
  Import took 0.006056 seconds .

========================================================================
Received Import Request.
  Time since last request: 3.776703 seconds.
  path: Assets/Shaders/Test/Compute
  artifactKey: Guid(37c3473b65dba7f46ae613e6df215744) Importer(815301076,1909f56bfc062723c751e8b465ee728b)
Start importing Assets/Shaders/Test/Compute using Guid(37c3473b65dba7f46ae613e6df215744) Importer(815301076,1909f56bfc062723c751e8b465ee728b)  -> (artifact id: 'ebf48f256ba033de01d2fedcfbe5ccdb') in 0.003283 seconds
  Import took 0.008554 seconds .

========================================================================
Received Import Request.
  Time since last request: 8.139303 seconds.
  path: Assets/Shaders/Test/Compute/SampleCompute.cs
  artifactKey: Guid(9bb0067ccb307724e8f463035a233ab0) Importer(815301076,1909f56bfc062723c751e8b465ee728b)
Start importing Assets/Shaders/Test/Compute/SampleCompute.cs using Guid(9bb0067ccb307724e8f463035a233ab0) Importer(815301076,1909f56bfc062723c751e8b465ee728b)  -> (artifact id: '90638ddfc2457419d1d6b352e79e6186') in 0.012267 seconds
  Import took 0.015096 seconds .

========================================================================
Received Import Request.
  Time since last request: 0.004732 seconds.
  path: Assets/Shaders/Test/Compute/SampleCompute.cs
  artifactKey: Guid(9bb0067ccb307724e8f463035a233ab0) Importer(815301076,1909f56bfc062723c751e8b465ee728b)
Start importing Assets/Shaders/Test/Compute/SampleCompute.cs using Guid(9bb0067ccb307724e8f463035a233ab0) Importer(815301076,1909f56bfc062723c751e8b465ee728b)  -> (artifact id: '90638ddfc2457419d1d6b352e79e6186') in 0.003859 seconds
  Import took 0.006779 seconds .

========================================================================
Received Prepare
Registering precompiled user dll's ...
Registered in 0.001516 seconds.
Begin MonoManager ReloadAssembly
Native extension for WindowsStandalone target not found
Refreshing native plugins compatible for Editor in 0.60 ms, found 0 plugins.
Preloading 0 native plugins for Editor in 0.00 ms.
Mono: successfully reloaded assembly
- Completed reload, in  0.844 seconds
Platform modules already initialized, skipping
Refreshing native plugins compatible for Editor in 0.72 ms, found 0 plugins.
Preloading 0 native plugins for Editor in 0.00 ms.
Unloading 1641 Unused Serialized files (Serialized files now loaded: 0)
System memory in use before: 76.3 MB.
System memory in use after: 76.4 MB.

Unloading 35 unused Assets to reduce memory usage. Loaded Objects now: 2061.
Total: 2.141200 ms (FindLiveObjects: 0.212300 ms CreateObjectMapping: 0.093400 ms MarkObjects: 1.742300 ms  DeleteObjects: 0.090900 ms)

========================================================================
Received Import Request.
  Time since last request: 65.897675 seconds.
  path: Assets/Shaders/Test/Compute/SampleCompute.cs
  artifactKey: Guid(9bb0067ccb307724e8f463035a233ab0) Importer(815301076,1909f56bfc062723c751e8b465ee728b)
Start importing Assets/Shaders/Test/Compute/SampleCompute.cs using Guid(9bb0067ccb307724e8f463035a233ab0) Importer(815301076,1909f56bfc062723c751e8b465ee728b)  -> (artifact id: '966dd4642b6c0bf1fd0f6e5eebf5bea9') in 0.008090 seconds
  Import took 0.011108 seconds .

========================================================================
Received Prepare
Registering precompiled user dll's ...
Registered in 0.002131 seconds.
Begin MonoManager ReloadAssembly
Native extension for WindowsStandalone target not found
Refreshing native plugins compatible for Editor in 0.58 ms, found 0 plugins.
Preloading 0 native plugins for Editor in 0.00 ms.
Mono: successfully reloaded assembly
- Completed reload, in  0.947 seconds
Platform modules already initialized, skipping
Refreshing native plugins compatible for Editor in 0.57 ms, found 0 plugins.
Preloading 0 native plugins for Editor in 0.00 ms.
Unloading 1641 Unused Serialized files (Serialized files now loaded: 0)
System memory in use before: 76.4 MB.
System memory in use after: 76.5 MB.

Unloading 35 unused Assets to reduce memory usage. Loaded Objects now: 2064.
Total: 2.075500 ms (FindLiveObjects: 0.274000 ms CreateObjectMapping: 0.087600 ms MarkObjects: 1.618000 ms  DeleteObjects: 0.093500 ms)

========================================================================
Received Prepare
Registering precompiled user dll's ...
Registered in 0.001531 seconds.
Begin MonoManager ReloadAssembly
Native extension for WindowsStandalone target not found
Refreshing native plugins compatible for Editor in 0.58 ms, found 0 plugins.
Preloading 0 native plugins for Editor in 0.00 ms.
Mono: successfully reloaded assembly
- Completed reload, in  0.819 seconds
Platform modules already initialized, skipping
Refreshing native plugins compatible for Editor in 0.57 ms, found 0 plugins.
Preloading 0 native plugins for Editor in 0.00 ms.
Unloading 1641 Unused Serialized files (Serialized files now loaded: 0)
System memory in use before: 76.4 MB.
System memory in use after: 76.5 MB.

Unloading 35 unused Assets to reduce memory usage. Loaded Objects now: 2067.
Total: 1.864300 ms (FindLiveObjects: 0.197200 ms CreateObjectMapping: 0.044000 ms MarkObjects: 1.533200 ms  DeleteObjects: 0.089000 ms)

========================================================================
Received Prepare
Registering precompiled user dll's ...
Registered in 0.001621 seconds.
Begin MonoManager ReloadAssembly
Native extension for WindowsStandalone target not found
Refreshing native plugins compatible for Editor in 0.68 ms, found 0 plugins.
Preloading 0 native plugins for Editor in 0.00 ms.
Mono: successfully reloaded assembly
- Completed reload, in  0.931 seconds
Platform modules already initialized, skipping
Refreshing native plugins compatible for Editor in 0.64 ms, found 0 plugins.
Preloading 0 native plugins for Editor in 0.00 ms.
Unloading 1641 Unused Serialized files (Serialized files now loaded: 0)
System memory in use before: 76.4 MB.
System memory in use after: 76.5 MB.

Unloading 35 unused Assets to reduce memory usage. Loaded Objects now: 2070.
Total: 3.018700 ms (FindLiveObjects: 0.275100 ms CreateObjectMapping: 0.087800 ms MarkObjects: 2.560200 ms  DeleteObjects: 0.094600 ms)

========================================================================
Received Import Request.
  Time since last request: 225.127625 seconds.
  path: Assets/Shaders/Test/Compute/SampleComputeShader.compute
  artifactKey: Guid(4273c2895d1750849a161d3f92712ccb) Importer(815301076,1909f56bfc062723c751e8b465ee728b)
Start importing Assets/Shaders/Test/Compute/SampleComputeShader.compute using Guid(4273c2895d1750849a161d3f92712ccb) Importer(815301076,1909f56bfc062723c751e8b465ee728b)  -> (artifact id: 'e587a51cf07274e6101da5038a81c0f1') in 0.026792 seconds
  Import took 0.030461 seconds .

========================================================================
Received Prepare
Registering precompiled user dll's ...
Registered in 0.001658 seconds.
Begin MonoManager ReloadAssembly
Native extension for WindowsStandalone target not found
Refreshing native plugins compatible for Editor in 0.62 ms, found 0 plugins.
Preloading 0 native plugins for Editor in 0.00 ms.
Mono: successfully reloaded assembly
- Completed reload, in  0.905 seconds
Platform modules already initialized, skipping
Refreshing native plugins compatible for Editor in 0.57 ms, found 0 plugins.
Preloading 0 native plugins for Editor in 0.00 ms.
Unloading 1641 Unused Serialized files (Serialized files now loaded: 0)
System memory in use before: 76.4 MB.
System memory in use after: 76.5 MB.

Unloading 35 unused Assets to reduce memory usage. Loaded Objects now: 2073.
Total: 1.538900 ms (FindLiveObjects: 0.184800 ms CreateObjectMapping: 0.060000 ms MarkObjects: 1.236300 ms  DeleteObjects: 0.056600 ms)

========================================================================
Received Prepare
Registering precompiled user dll's ...
Registered in 0.001557 seconds.
Begin MonoManager ReloadAssembly
Native extension for WindowsStandalone target not found
Refreshing native plugins compatible for Editor in 0.58 ms, found 0 plugins.
Preloading 0 native plugins for Editor in 0.00 ms.
Mono: successfully reloaded assembly
- Completed reload, in  0.809 seconds
Platform modules already initialized, skipping
Refreshing native plugins compatible for Editor in 0.64 ms, found 0 plugins.
Preloading 0 native plugins for Editor in 0.00 ms.
Unloading 1641 Unused Serialized files (Serialized files now loaded: 0)
System memory in use before: 76.4 MB.
System memory in use after: 76.5 MB.

Unloading 35 unused Assets to reduce memory usage. Loaded Objects now: 2076.
Total: 2.159900 ms (FindLiveObjects: 0.328400 ms CreateObjectMapping: 0.126100 ms MarkObjects: 1.617200 ms  DeleteObjects: 0.086400 ms)

========================================================================
Received Import Request.
  Time since last request: 201.487147 seconds.
  path: Assets/Shaders/Test/Compute/New Render Texture.renderTexture
  artifactKey: Guid(a0947addd59eabf45bdd6dc44847f4e0) Importer(815301076,1909f56bfc062723c751e8b465ee728b)
Start importing Assets/Shaders/Test/Compute/New Render Texture.renderTexture using Guid(a0947addd59eabf45bdd6dc44847f4e0) Importer(815301076,1909f56bfc062723c751e8b465ee728b)  -> (artifact id: 'e3d19365af47ae4a6b78e17f4fd2b819') in 0.216442 seconds
  Import took 0.221428 seconds .

========================================================================
Received Prepare
Registering precompiled user dll's ...
Registered in 0.001686 seconds.
Begin MonoManager ReloadAssembly
Native extension for WindowsStandalone target not found
Refreshing native plugins compatible for Editor in 0.60 ms, found 0 plugins.
Preloading 0 native plugins for Editor in 0.00 ms.
Mono: successfully reloaded assembly
- Completed reload, in  0.787 seconds
Platform modules already initialized, skipping
Refreshing native plugins compatible for Editor in 0.60 ms, found 0 plugins.
Preloading 0 native plugins for Editor in 0.00 ms.
Unloading 1641 Unused Serialized files (Serialized files now loaded: 0)
System memory in use before: 79.5 MB.
System memory in use after: 79.6 MB.

Unloading 35 unused Assets to reduce memory usage. Loaded Objects now: 2084.
Total: 2.096500 ms (FindLiveObjects: 0.275200 ms CreateObjectMapping: 0.093700 ms MarkObjects: 1.632700 ms  DeleteObjects: 0.093100 ms)

========================================================================
Received Import Request.
  Time since last request: 761.023248 seconds.
  path: Assets/Shaders/Test/Compute/SampleComputeShader.compute
  artifactKey: Guid(4273c2895d1750849a161d3f92712ccb) Importer(815301076,1909f56bfc062723c751e8b465ee728b)
Start importing Assets/Shaders/Test/Compute/SampleComputeShader.compute using Guid(4273c2895d1750849a161d3f92712ccb) Importer(815301076,1909f56bfc062723c751e8b465ee728b)  -> (artifact id: 'b008fab3e584b955872db2a7cbdf2c94') in 0.010675 seconds
  Import took 0.016768 seconds .

========================================================================
Received Prepare
Registering precompiled user dll's ...
Registered in 0.001429 seconds.
Begin MonoManager ReloadAssembly
Native extension for WindowsStandalone target not found
Refreshing native plugins compatible for Editor in 0.66 ms, found 0 plugins.
Preloading 0 native plugins for Editor in 0.00 ms.
Mono: successfully reloaded assembly
- Completed reload, in  0.782 seconds
Platform modules already initialized, skipping
Refreshing native plugins compatible for Editor in 0.64 ms, found 0 plugins.
Preloading 0 native plugins for Editor in 0.00 ms.
Unloading 1641 Unused Serialized files (Serialized files now loaded: 0)
System memory in use before: 79.5 MB.
System memory in use after: 79.6 MB.

Unloading 35 unused Assets to reduce memory usage. Loaded Objects now: 2087.
Total: 2.605400 ms (FindLiveObjects: 0.187300 ms CreateObjectMapping: 0.062400 ms MarkObjects: 2.278100 ms  DeleteObjects: 0.076300 ms)

========================================================================
Received Prepare
Registering precompiled user dll's ...
Registered in 0.001574 seconds.
Begin MonoManager ReloadAssembly
Native extension for WindowsStandalone target not found
Refreshing native plugins compatible for Editor in 0.63 ms, found 0 plugins.
Preloading 0 native plugins for Editor in 0.00 ms.
Mono: successfully reloaded assembly
- Completed reload, in  0.762 seconds
Platform modules already initialized, skipping
Refreshing native plugins compatible for Editor in 0.57 ms, found 0 plugins.
Preloading 0 native plugins for Editor in 0.00 ms.
Unloading 1641 Unused Serialized files (Serialized files now loaded: 0)
System memory in use before: 79.5 MB.
System memory in use after: 79.6 MB.

Unloading 35 unused Assets to reduce memory usage. Loaded Objects now: 2090.
Total: 2.243200 ms (FindLiveObjects: 0.295600 ms CreateObjectMapping: 0.092300 ms MarkObjects: 1.761100 ms  DeleteObjects: 0.092200 ms)

========================================================================
Received Prepare
Registering precompiled user dll's ...
Registered in 0.001399 seconds.
Begin MonoManager ReloadAssembly
Native extension for WindowsStandalone target not found
Refreshing native plugins compatible for Editor in 0.71 ms, found 0 plugins.
Preloading 0 native plugins for Editor in 0.00 ms.
Mono: successfully reloaded assembly
- Completed reload, in  0.778 seconds
Platform modules already initialized, skipping
Refreshing native plugins compatible for Editor in 0.61 ms, found 0 plugins.
Preloading 0 native plugins for Editor in 0.00 ms.
Unloading 1641 Unused Serialized files (Serialized files now loaded: 0)
System memory in use before: 79.5 MB.
System memory in use after: 79.6 MB.

Unloading 35 unused Assets to reduce memory usage. Loaded Objects now: 2093.
Total: 3.362700 ms (FindLiveObjects: 1.290700 ms CreateObjectMapping: 0.181600 ms MarkObjects: 1.817600 ms  DeleteObjects: 0.070300 ms)

========================================================================
Received Prepare
Registering precompiled user dll's ...
Registered in 0.001440 seconds.
Begin MonoManager ReloadAssembly
Native extension for WindowsStandalone target not found
Refreshing native plugins compatible for Editor in 0.61 ms, found 0 plugins.
Preloading 0 native plugins for Editor in 0.00 ms.
Mono: successfully reloaded assembly
- Completed reload, in  0.780 seconds
Platform modules already initialized, skipping
Refreshing native plugins compatible for Editor in 0.62 ms, found 0 plugins.
Preloading 0 native plugins for Editor in 0.00 ms.
Unloading 1641 Unused Serialized files (Serialized files now loaded: 0)
System memory in use before: 79.5 MB.
System memory in use after: 79.6 MB.

Unloading 35 unused Assets to reduce memory usage. Loaded Objects now: 2096.
Total: 2.072200 ms (FindLiveObjects: 0.208000 ms CreateObjectMapping: 0.062500 ms MarkObjects: 1.736900 ms  DeleteObjects: 0.063700 ms)

